<?xml version="1.0" encoding="UTF-8"?>
<testsuite name="racfPassTicket.DESEncrypterTest" tests="1" skipped="0" failures="0" errors="0" timestamp="2022-01-13T00:04:27" hostname="C02CV4AFMD6T" time="0.05">
  <properties/>
  <testcase name="encryptShouldEncryptAString" classname="racfPassTicket.DESEncrypterTest" time="0.05"/>
  <system-out><![CDATA[]]></system-out>
  <system-err><![CDATA[]]></system-err>
</testsuite>
